{"event": "FraudRecallDrop", "metric": "fraud_model_recall", "value": 0.0, "threshold": 0.85, "comparison": "lte", "action": "trigger_retraining"}
{
  "alert": {
    "labels": {
      "alertname": "FraudRecallDrop",
      "instance": "host.docker.internal:8000",
      "job": "fraud-inference-api-local",
      "severity": "critical"
    },
    "annotations": {
      "action": "Trigger GitHub Actions retraining workflow",
      "summary": "Fraud recall dropped below threshold"
    },
    "state": "firing",
    "activeAt": "2026-04-22T12:09:34.399689495Z",
    "value": "0e+00"
  },
  "retraining_event": {
    "event": "FraudRecallDrop",
    "metric": "fraud_model_recall",
    "value": 0.0,
    "threshold": 0.85,
    "comparison": "lte",
    "action": "trigger_retraining"
  }
}
