Final submission tree
---------------------
.github/workflows/fraud-mlops-cicd.yml
configs/training_config.yaml
data/train_transaction.csv
data/train_identity.csv
docs/research_report.md
docs/research_report.docx
docs/runbook.md
docs/evidence/*.png
docs/evidence/logs/*.log
k8s/namespace.yaml
k8s/resource-quota.yaml
k8s/persistent-volume.yaml
k8s/persistent-volume-claim.yaml
k8s/inference-api-deployment.yaml
kubeflow/pipeline.py
monitoring/prometheus.yml
monitoring/alert_rules.yml
monitoring/alertmanager-webhook-example.yaml
monitoring/grafana/dashboards/system-health.json
monitoring/grafana/dashboards/model-performance.json
monitoring/grafana/dashboards/data-drift.json
src/fraud_mlops/*.py
scripts/generate_demo_data.py
scripts/render_evidence.py
scripts/build_word_report.py
tests/test_drift.py
tests/test_intelligent_trigger.py
artifacts/best_model.joblib
artifacts/metrics_summary.json
artifacts/shap_summary.png
artifacts/fraud_detection_pipeline.yaml
